<?xml version="1.0" encoding="UTF-8"?>
<testng-results ignored="0" total="1" passed="1" failed="0" skipped="0">
  <reporter-output>
    <line>
      <![CDATA[dummy1]]>
    </line>
  </reporter-output>
  <suite started-at="2023-09-28T16:35:14 IST" name="Default suite" finished-at="2023-09-28T16:35:14 IST" duration-ms="54">
    <groups>
    </groups>
    <test started-at="2023-09-28T16:35:14 IST" name="Default test" finished-at="2023-09-28T16:35:14 IST" duration-ms="54">
      <class name="com.actitime.testscript.Acti2">
        <test-method signature="dummy1()[pri:0, instance:com.actitime.testscript.Acti2@55b699ef]" started-at="2023-09-28T16:35:14 IST" name="dummy1" finished-at="2023-09-28T16:35:14 IST" duration-ms="10" status="PASS">
          <reporter-output>
            <line>
              <![CDATA[dummy1]]>
            </line>
          </reporter-output>
        </test-method> <!-- dummy1 -->
      </class> <!-- com.actitime.testscript.Acti2 -->
    </test> <!-- Default test -->
  </suite> <!-- Default suite -->
</testng-results>
